{"C:\\Users\\gabrielle.alvim\\React project\\minha-primeira-app\\playwright.config.js": {"path":"C:\\Users\\gabrielle.alvim\\React project\\minha-primeira-app\\playwright.config.js","statementMap":{"0":{"start":{"line":2,"column":34},"end":{"line":2,"column":61}},"1":{"start":{"line":13,"column":0},"end":{"line":82,"column":null}}},"fnMap":{},"branchMap":{"0":{"loc":{"start":{"line":29,"column":11},"end":{"line":29,"column":33}},"type":"cond-expr","locations":[{"start":{"line":29,"column":28},"end":{"line":29,"column":29}},{"start":{"line":29,"column":32},"end":{"line":29,"column":33}}]},"1":{"loc":{"start":{"line":31,"column":11},"end":{"line":31,"column":41}},"type":"cond-expr","locations":[{"start":{"line":31,"column":28},"end":{"line":31,"column":29}},{"start":{"line":31,"column":32},"end":{"line":31,"column":41}}]}},"s":{"0":3,"1":3},"f":{},"b":{"0":[0,3],"1":[0,3]}}
}
